<?xml version="1.0" encoding="UTF-8"?>
<!-- Generated by org.testng.reporters.JUnitXMLReporter -->
<testsuite ignored="3" hostname="Ajays-MacBook-Air.local" failures="0" tests="1" name="Test" time="10.907" errors="0" timestamp="2021-09-29T20:47:23 IST">
  <testcase classname="com.vnm.testcases.LoginPageTest" name="readFromTestNGXML" time="0.026"/>
  <testcase classname="com.vnm.testcases.LoginPageTest" name="validateLoginTestUsingExcel" time="0.0">
    <ignored/>
  </testcase> <!-- validateLoginTestUsingExcel -->
  <testcase classname="com.vnm.testcases.LoginPageTest" name="validateTitleTest" time="0.0">
    <ignored/>
  </testcase> <!-- validateTitleTest -->
  <testcase classname="com.vnm.testcases.LoginPageTest" name="validateLoginTest" time="0.0">
    <ignored/>
  </testcase> <!-- validateLoginTest -->
</testsuite> <!-- Test -->
