<?xml version="1.0" encoding="UTF-8"?>
<testng-results ignored="3" total="4" passed="1" failed="0" skipped="0">
  <reporter-output>
  </reporter-output>
  <suite started-at="2021-09-30T19:45:57 IST" name="Suite" finished-at="2021-09-30T19:46:08 IST" duration-ms="11466">
    <groups>
    </groups>
    <test started-at="2021-09-30T19:45:57 IST" name="Test" finished-at="2021-09-30T19:46:08 IST" duration-ms="11466">
      <class name="com.vnm.testcases.LoginPageTest">
        <test-method is-config="true" signature="reportSetup()[pri:0, instance:com.vnm.testcases.LoginPageTest@3c19aaa5]" started-at="2021-09-30T19:45:57 IST" name="reportSetup" finished-at="2021-09-30T19:45:57 IST" duration-ms="622" status="PASS">
          <reporter-output>
          </reporter-output>
        </test-method> <!-- reportSetup -->
        <test-method is-config="true" signature="setUp()[pri:0, instance:com.vnm.testcases.LoginPageTest@3c19aaa5]" started-at="2021-09-30T19:45:57 IST" name="setUp" finished-at="2021-09-30T19:46:06 IST" duration-ms="8829" status="PASS">
          <reporter-output>
          </reporter-output>
        </test-method> <!-- setUp -->
        <test-method signature="readFromTestNGXML(java.lang.String)[pri:0, instance:com.vnm.testcases.LoginPageTest@3c19aaa5]" started-at="2021-09-30T19:46:06 IST" name="readFromTestNGXML" finished-at="2021-09-30T19:46:06 IST" duration-ms="23" status="PASS">
          <params>
            <param index="0">
              <value>
                <![CDATA[Admin]]>
              </value>
            </param>
          </params>
          <reporter-output>
          </reporter-output>
        </test-method> <!-- readFromTestNGXML -->
        <test-method is-config="true" signature="closeSetup()[pri:0, instance:com.vnm.testcases.LoginPageTest@3c19aaa5]" started-at="2021-09-30T19:46:06 IST" name="closeSetup" finished-at="2021-09-30T19:46:07 IST" duration-ms="309" status="PASS">
          <reporter-output>
          </reporter-output>
        </test-method> <!-- closeSetup -->
        <test-method is-config="true" signature="generateReport()[pri:0, instance:com.vnm.testcases.LoginPageTest@3c19aaa5]" started-at="2021-09-30T19:46:07 IST" name="generateReport" finished-at="2021-09-30T19:46:08 IST" duration-ms="1605" status="PASS">
          <reporter-output>
          </reporter-output>
        </test-method> <!-- generateReport -->
      </class> <!-- com.vnm.testcases.LoginPageTest -->
    </test> <!-- Test -->
  </suite> <!-- Suite -->
</testng-results>
