<?xml version="1.0" encoding="UTF-8"?>
<testng-results ignored="3" total="4" passed="1" failed="0" skipped="0">
  <reporter-output>
  </reporter-output>
  <suite started-at="2021-09-29T20:47:07 IST" name="Suite" finished-at="2021-09-29T20:47:18 IST" duration-ms="10907">
    <groups>
    </groups>
    <test started-at="2021-09-29T20:47:07 IST" name="Test" finished-at="2021-09-29T20:47:18 IST" duration-ms="10907">
      <class name="com.vnm.testcases.LoginPageTest">
        <test-method is-config="true" signature="reportSetup()[pri:0, instance:com.vnm.testcases.LoginPageTest@f6efaab]" started-at="2021-09-29T20:47:07 IST" name="reportSetup" finished-at="2021-09-29T20:47:07 IST" duration-ms="487" status="PASS">
          <reporter-output>
          </reporter-output>
        </test-method> <!-- reportSetup -->
        <test-method is-config="true" signature="setUp()[pri:0, instance:com.vnm.testcases.LoginPageTest@f6efaab]" started-at="2021-09-29T20:47:07 IST" name="setUp" finished-at="2021-09-29T20:47:16 IST" duration-ms="8561" status="PASS">
          <reporter-output>
          </reporter-output>
        </test-method> <!-- setUp -->
        <test-method signature="readFromTestNGXML(java.lang.String)[pri:0, instance:com.vnm.testcases.LoginPageTest@f6efaab]" started-at="2021-09-29T20:47:16 IST" name="readFromTestNGXML" finished-at="2021-09-29T20:47:16 IST" duration-ms="26" status="PASS">
          <params>
            <param index="0">
              <value>
                <![CDATA[Admin]]>
              </value>
            </param>
          </params>
          <reporter-output>
          </reporter-output>
        </test-method> <!-- readFromTestNGXML -->
        <test-method is-config="true" signature="closeSetup()[pri:0, instance:com.vnm.testcases.LoginPageTest@f6efaab]" started-at="2021-09-29T20:47:16 IST" name="closeSetup" finished-at="2021-09-29T20:47:16 IST" duration-ms="241" status="PASS">
          <reporter-output>
          </reporter-output>
        </test-method> <!-- closeSetup -->
        <test-method is-config="true" signature="generateReport()[pri:0, instance:com.vnm.testcases.LoginPageTest@f6efaab]" started-at="2021-09-29T20:47:16 IST" name="generateReport" finished-at="2021-09-29T20:47:18 IST" duration-ms="1507" status="PASS">
          <reporter-output>
          </reporter-output>
        </test-method> <!-- generateReport -->
      </class> <!-- com.vnm.testcases.LoginPageTest -->
    </test> <!-- Test -->
  </suite> <!-- Suite -->
</testng-results>
